2026-05-14 18:04:08,245 [INFO] Server starting — seo-specialist:25064
2026-05-14 18:13:27,771 [INFO] Server starting — seo-specialist:25064
2026-05-14 18:13:29,776 [INFO] Processing request of type ListToolsRequest
2026-05-14 18:13:29,780 [INFO] Processing request of type CallToolRequest
2026-05-14 18:13:29,780 [INFO] TOOL ping args={}
2026-05-14 18:13:29,780 [INFO] TOOK ping OK
2026-05-14 18:13:29,784 [INFO] Processing request of type CallToolRequest
2026-05-14 18:13:29,784 [INFO] TOOL get_server_info args={}
2026-05-14 18:13:29,784 [INFO] TOOK get_server_info OK
2026-05-14 18:13:29,788 [INFO] Processing request of type CallToolRequest
2026-05-14 18:13:29,788 [INFO] TOOL echo args={'text': 'hi'}
2026-05-14 18:13:29,788 [INFO] TOOK echo OK
2026-05-14 18:13:29,792 [INFO] Processing request of type CallToolRequest
2026-05-14 18:13:29,792 [INFO] TOOL memory_set args={'key': 'x', 'value': 'y'}
2026-05-14 18:13:29,793 [INFO] TOOK memory_set OK
2026-05-14 18:13:29,796 [INFO] Processing request of type CallToolRequest
2026-05-14 18:13:29,796 [INFO] TOOL memory_get args={'key': 'x'}
2026-05-14 18:13:29,798 [INFO] TOOK memory_get OK
2026-05-14 18:13:29,801 [INFO] Processing request of type CallToolRequest
2026-05-14 18:13:29,801 [INFO] TOOL memory_delete args={'key': 'x'}
2026-05-14 18:13:29,802 [INFO] TOOK memory_delete OK
