2026-05-14 18:04:32,092 [INFO] Server starting — typography-master:25071
2026-05-14 18:13:55,717 [INFO] Server starting — typography-master:25071
2026-05-14 18:13:57,739 [INFO] Processing request of type ListToolsRequest
2026-05-14 18:13:57,743 [INFO] Processing request of type CallToolRequest
2026-05-14 18:13:57,743 [INFO] TOOL ping args={}
2026-05-14 18:13:57,743 [INFO] TOOK ping OK
2026-05-14 18:13:57,747 [INFO] Processing request of type CallToolRequest
2026-05-14 18:13:57,747 [INFO] TOOL get_server_info args={}
2026-05-14 18:13:57,747 [INFO] TOOK get_server_info OK
2026-05-14 18:13:57,751 [INFO] Processing request of type CallToolRequest
2026-05-14 18:13:57,751 [INFO] TOOL echo args={'text': 'hi'}
2026-05-14 18:13:57,751 [INFO] TOOK echo OK
2026-05-14 18:13:57,755 [INFO] Processing request of type CallToolRequest
2026-05-14 18:13:57,755 [INFO] TOOL memory_set args={'key': 'x', 'value': 'y'}
2026-05-14 18:13:57,756 [INFO] TOOK memory_set OK
2026-05-14 18:13:57,760 [INFO] Processing request of type CallToolRequest
2026-05-14 18:13:57,760 [INFO] TOOL memory_get args={'key': 'x'}
2026-05-14 18:13:57,761 [INFO] TOOK memory_get OK
2026-05-14 18:13:57,765 [INFO] Processing request of type CallToolRequest
2026-05-14 18:13:57,765 [INFO] TOOL memory_delete args={'key': 'x'}
2026-05-14 18:13:57,765 [INFO] TOOK memory_delete OK
