2026-05-14 18:04:04,717 [INFO] Server starting — a11y-advocate:25063
2026-05-14 18:13:23,744 [INFO] Server starting — a11y-advocate:25063
2026-05-14 18:13:25,784 [INFO] Processing request of type ListToolsRequest
2026-05-14 18:13:25,788 [INFO] Processing request of type CallToolRequest
2026-05-14 18:13:25,788 [INFO] TOOL ping args={}
2026-05-14 18:13:25,788 [INFO] TOOK ping OK
2026-05-14 18:13:25,792 [INFO] Processing request of type CallToolRequest
2026-05-14 18:13:25,792 [INFO] TOOL get_server_info args={}
2026-05-14 18:13:25,792 [INFO] TOOK get_server_info OK
2026-05-14 18:13:25,796 [INFO] Processing request of type CallToolRequest
2026-05-14 18:13:25,796 [INFO] TOOL echo args={'text': 'hi'}
2026-05-14 18:13:25,796 [INFO] TOOK echo OK
2026-05-14 18:13:25,800 [INFO] Processing request of type CallToolRequest
2026-05-14 18:13:25,800 [INFO] TOOL memory_set args={'key': 'x', 'value': 'y'}
2026-05-14 18:13:25,801 [INFO] TOOK memory_set OK
2026-05-14 18:13:25,804 [INFO] Processing request of type CallToolRequest
2026-05-14 18:13:25,805 [INFO] TOOL memory_get args={'key': 'x'}
2026-05-14 18:13:25,806 [INFO] TOOK memory_get OK
2026-05-14 18:13:25,809 [INFO] Processing request of type CallToolRequest
2026-05-14 18:13:25,809 [INFO] TOOL memory_delete args={'key': 'x'}
2026-05-14 18:13:25,810 [INFO] TOOK memory_delete OK
