2026-05-14 18:02:28,932 [INFO] Server starting — graphql-ninja:25035
2026-05-14 18:11:31,721 [INFO] Server starting — graphql-ninja:25035
2026-05-14 18:11:33,749 [INFO] Processing request of type ListToolsRequest
2026-05-14 18:11:33,753 [INFO] Processing request of type CallToolRequest
2026-05-14 18:11:33,753 [INFO] TOOL ping args={}
2026-05-14 18:11:33,754 [INFO] TOOK ping OK
2026-05-14 18:11:33,757 [INFO] Processing request of type CallToolRequest
2026-05-14 18:11:33,758 [INFO] TOOL get_server_info args={}
2026-05-14 18:11:33,758 [INFO] TOOK get_server_info OK
2026-05-14 18:11:33,761 [INFO] Processing request of type CallToolRequest
2026-05-14 18:11:33,761 [INFO] TOOL echo args={'text': 'hi'}
2026-05-14 18:11:33,761 [INFO] TOOK echo OK
2026-05-14 18:11:33,766 [INFO] Processing request of type CallToolRequest
2026-05-14 18:11:33,766 [INFO] TOOL memory_set args={'key': 'x', 'value': 'y'}
2026-05-14 18:11:33,767 [INFO] TOOK memory_set OK
2026-05-14 18:11:33,771 [INFO] Processing request of type CallToolRequest
2026-05-14 18:11:33,771 [INFO] TOOL memory_get args={'key': 'x'}
2026-05-14 18:11:33,772 [INFO] TOOK memory_get OK
2026-05-14 18:11:33,776 [INFO] Processing request of type CallToolRequest
2026-05-14 18:11:33,776 [INFO] TOOL memory_delete args={'key': 'x'}
2026-05-14 18:11:33,776 [INFO] TOOK memory_delete OK
