2026-05-14 18:00:46,288 [INFO] Server starting — devops-pilot:25005
2026-05-14 18:07:26,679 [INFO] Server starting — devops-pilot:25005
2026-05-14 18:07:30,687 [INFO] Processing request of type ListToolsRequest
2026-05-14 18:07:30,691 [INFO] Processing request of type CallToolRequest
2026-05-14 18:07:30,691 [INFO] TOOL ping args={}
2026-05-14 18:07:30,691 [INFO] TOOK ping OK
2026-05-14 18:07:30,695 [INFO] Processing request of type CallToolRequest
2026-05-14 18:07:30,695 [INFO] TOOL get_server_info args={}
2026-05-14 18:07:30,695 [INFO] TOOK get_server_info OK
2026-05-14 18:07:30,699 [INFO] Processing request of type CallToolRequest
2026-05-14 18:07:30,699 [INFO] TOOL echo args={'text': 'hi'}
2026-05-14 18:07:30,699 [INFO] TOOK echo OK
2026-05-14 18:07:30,703 [INFO] Processing request of type CallToolRequest
2026-05-14 18:07:30,703 [INFO] TOOL memory_set args={'key': 'x', 'value': 'y'}
2026-05-14 18:07:30,704 [INFO] TOOK memory_set OK
2026-05-14 18:07:30,707 [INFO] Processing request of type CallToolRequest
2026-05-14 18:07:30,707 [INFO] TOOL memory_get args={'key': 'x'}
2026-05-14 18:07:30,709 [INFO] TOOK memory_get OK
2026-05-14 18:07:30,712 [INFO] Processing request of type CallToolRequest
2026-05-14 18:07:30,712 [INFO] TOOL memory_delete args={'key': 'x'}
2026-05-14 18:07:30,713 [INFO] TOOK memory_delete OK
2026-05-14 18:09:31,765 [INFO] Server starting — devops-pilot:25005
2026-05-14 18:09:33,778 [INFO] Processing request of type ListToolsRequest
2026-05-14 18:09:33,782 [INFO] Processing request of type CallToolRequest
2026-05-14 18:09:33,782 [INFO] TOOL ping args={}
2026-05-14 18:09:33,782 [INFO] TOOK ping OK
2026-05-14 18:09:33,786 [INFO] Processing request of type CallToolRequest
2026-05-14 18:09:33,786 [INFO] TOOL get_server_info args={}
2026-05-14 18:09:33,786 [INFO] TOOK get_server_info OK
2026-05-14 18:09:33,790 [INFO] Processing request of type CallToolRequest
2026-05-14 18:09:33,790 [INFO] TOOL echo args={'text': 'hi'}
2026-05-14 18:09:33,790 [INFO] TOOK echo OK
2026-05-14 18:09:33,794 [INFO] Processing request of type CallToolRequest
2026-05-14 18:09:33,794 [INFO] TOOL memory_set args={'key': 'x', 'value': 'y'}
2026-05-14 18:09:33,795 [INFO] TOOK memory_set OK
2026-05-14 18:09:33,798 [INFO] Processing request of type CallToolRequest
2026-05-14 18:09:33,798 [INFO] TOOL memory_get args={'key': 'x'}
2026-05-14 18:09:33,799 [INFO] TOOK memory_get OK
2026-05-14 18:09:33,803 [INFO] Processing request of type CallToolRequest
2026-05-14 18:09:33,803 [INFO] TOOL memory_delete args={'key': 'x'}
2026-05-14 18:09:33,804 [INFO] TOOK memory_delete OK
