2026-05-14 18:05:33,688 [INFO] Server starting — cdn-specialist:25089
2026-05-14 18:15:07,936 [INFO] Server starting — cdn-specialist:25089
2026-05-14 18:15:09,956 [INFO] Processing request of type ListToolsRequest
2026-05-14 18:15:09,960 [INFO] Processing request of type CallToolRequest
2026-05-14 18:15:09,960 [INFO] TOOL ping args={}
2026-05-14 18:15:09,960 [INFO] TOOK ping OK
2026-05-14 18:15:09,964 [INFO] Processing request of type CallToolRequest
2026-05-14 18:15:09,964 [INFO] TOOL get_server_info args={}
2026-05-14 18:15:09,964 [INFO] TOOK get_server_info OK
2026-05-14 18:15:09,968 [INFO] Processing request of type CallToolRequest
2026-05-14 18:15:09,968 [INFO] TOOL echo args={'text': 'hi'}
2026-05-14 18:15:09,968 [INFO] TOOK echo OK
2026-05-14 18:15:09,972 [INFO] Processing request of type CallToolRequest
2026-05-14 18:15:09,972 [INFO] TOOL memory_set args={'key': 'x', 'value': 'y'}
2026-05-14 18:15:09,973 [INFO] TOOK memory_set OK
2026-05-14 18:15:09,976 [INFO] Processing request of type CallToolRequest
2026-05-14 18:15:09,976 [INFO] TOOL memory_get args={'key': 'x'}
2026-05-14 18:15:09,978 [INFO] TOOK memory_get OK
2026-05-14 18:15:09,981 [INFO] Processing request of type CallToolRequest
2026-05-14 18:15:09,982 [INFO] TOOL memory_delete args={'key': 'x'}
2026-05-14 18:15:09,982 [INFO] TOOK memory_delete OK
