2026-05-14 18:04:25,246 [INFO] Server starting — design-system-arch:25069
2026-05-14 18:13:47,722 [INFO] Server starting — design-system-arch:25069
2026-05-14 18:13:49,743 [INFO] Processing request of type ListToolsRequest
2026-05-14 18:13:49,746 [INFO] Processing request of type CallToolRequest
2026-05-14 18:13:49,747 [INFO] TOOL ping args={}
2026-05-14 18:13:49,747 [INFO] TOOK ping OK
2026-05-14 18:13:49,750 [INFO] Processing request of type CallToolRequest
2026-05-14 18:13:49,751 [INFO] TOOL get_server_info args={}
2026-05-14 18:13:49,751 [INFO] TOOK get_server_info OK
2026-05-14 18:13:49,754 [INFO] Processing request of type CallToolRequest
2026-05-14 18:13:49,754 [INFO] TOOL echo args={'text': 'hi'}
2026-05-14 18:13:49,755 [INFO] TOOK echo OK
2026-05-14 18:13:49,759 [INFO] Processing request of type CallToolRequest
2026-05-14 18:13:49,759 [INFO] TOOL memory_set args={'key': 'x', 'value': 'y'}
2026-05-14 18:13:49,759 [INFO] TOOK memory_set OK
2026-05-14 18:13:49,763 [INFO] Processing request of type CallToolRequest
2026-05-14 18:13:49,763 [INFO] TOOL memory_get args={'key': 'x'}
2026-05-14 18:13:49,764 [INFO] TOOK memory_get OK
2026-05-14 18:13:49,768 [INFO] Processing request of type CallToolRequest
2026-05-14 18:13:49,768 [INFO] TOOL memory_delete args={'key': 'x'}
2026-05-14 18:13:49,769 [INFO] TOOK memory_delete OK
