2026-05-14 18:03:37,360 [INFO] Server starting — network-engineer:25055
2026-05-14 18:12:51,749 [INFO] Server starting — network-engineer:25055
2026-05-14 18:12:53,770 [INFO] Processing request of type ListToolsRequest
2026-05-14 18:12:53,774 [INFO] Processing request of type CallToolRequest
2026-05-14 18:12:53,775 [INFO] TOOL ping args={}
2026-05-14 18:12:53,775 [INFO] TOOK ping OK
2026-05-14 18:12:53,778 [INFO] Processing request of type CallToolRequest
2026-05-14 18:12:53,778 [INFO] TOOL get_server_info args={}
2026-05-14 18:12:53,779 [INFO] TOOK get_server_info OK
2026-05-14 18:12:53,782 [INFO] Processing request of type CallToolRequest
2026-05-14 18:12:53,782 [INFO] TOOL echo args={'text': 'hi'}
2026-05-14 18:12:53,782 [INFO] TOOK echo OK
2026-05-14 18:12:53,786 [INFO] Processing request of type CallToolRequest
2026-05-14 18:12:53,786 [INFO] TOOL memory_set args={'key': 'x', 'value': 'y'}
2026-05-14 18:12:53,787 [INFO] TOOK memory_set OK
2026-05-14 18:12:53,791 [INFO] Processing request of type CallToolRequest
2026-05-14 18:12:53,791 [INFO] TOOL memory_get args={'key': 'x'}
2026-05-14 18:12:53,792 [INFO] TOOK memory_get OK
2026-05-14 18:12:53,796 [INFO] Processing request of type CallToolRequest
2026-05-14 18:12:53,796 [INFO] TOOL memory_delete args={'key': 'x'}
2026-05-14 18:12:53,796 [INFO] TOOK memory_delete OK
