2026-05-14 18:01:03,384 [INFO] Server starting — ts-master:25010
2026-05-14 18:07:56,650 [INFO] Server starting — ts-master:25010
2026-05-14 18:08:00,673 [INFO] Processing request of type ListToolsRequest
2026-05-14 18:08:00,677 [INFO] Processing request of type CallToolRequest
2026-05-14 18:08:00,677 [INFO] TOOL ping args={}
2026-05-14 18:08:00,677 [INFO] TOOK ping OK
2026-05-14 18:08:00,681 [INFO] Processing request of type CallToolRequest
2026-05-14 18:08:00,681 [INFO] TOOL get_server_info args={}
2026-05-14 18:08:00,681 [INFO] TOOK get_server_info OK
2026-05-14 18:08:00,685 [INFO] Processing request of type CallToolRequest
2026-05-14 18:08:00,685 [INFO] TOOL echo args={'text': 'hi'}
2026-05-14 18:08:00,685 [INFO] TOOK echo OK
2026-05-14 18:08:00,690 [INFO] Processing request of type CallToolRequest
2026-05-14 18:08:00,690 [INFO] TOOL memory_set args={'key': 'x', 'value': 'y'}
2026-05-14 18:08:00,690 [INFO] TOOK memory_set OK
2026-05-14 18:08:00,694 [INFO] Processing request of type CallToolRequest
2026-05-14 18:08:00,694 [INFO] TOOL memory_get args={'key': 'x'}
2026-05-14 18:08:00,695 [INFO] TOOK memory_get OK
2026-05-14 18:08:00,700 [INFO] Processing request of type CallToolRequest
2026-05-14 18:08:00,700 [INFO] TOOL memory_delete args={'key': 'x'}
2026-05-14 18:08:00,700 [INFO] TOOK memory_delete OK
2026-05-14 18:09:51,761 [INFO] Server starting — ts-master:25010
2026-05-14 18:09:53,760 [INFO] Processing request of type ListToolsRequest
2026-05-14 18:09:53,764 [INFO] Processing request of type CallToolRequest
2026-05-14 18:09:53,764 [INFO] TOOL ping args={}
2026-05-14 18:09:53,764 [INFO] TOOK ping OK
2026-05-14 18:09:53,768 [INFO] Processing request of type CallToolRequest
2026-05-14 18:09:53,768 [INFO] TOOL get_server_info args={}
2026-05-14 18:09:53,768 [INFO] TOOK get_server_info OK
2026-05-14 18:09:53,772 [INFO] Processing request of type CallToolRequest
2026-05-14 18:09:53,772 [INFO] TOOL echo args={'text': 'hi'}
2026-05-14 18:09:53,772 [INFO] TOOK echo OK
2026-05-14 18:09:53,775 [INFO] Processing request of type CallToolRequest
2026-05-14 18:09:53,776 [INFO] TOOL memory_set args={'key': 'x', 'value': 'y'}
2026-05-14 18:09:53,776 [INFO] TOOK memory_set OK
2026-05-14 18:09:53,781 [INFO] Processing request of type CallToolRequest
2026-05-14 18:09:53,781 [INFO] TOOL memory_get args={'key': 'x'}
2026-05-14 18:09:53,782 [INFO] TOOK memory_get OK
2026-05-14 18:09:53,786 [INFO] Processing request of type CallToolRequest
2026-05-14 18:09:53,786 [INFO] TOOL memory_delete args={'key': 'x'}
2026-05-14 18:09:53,787 [INFO] TOOK memory_delete OK
