2026-05-14 18:03:13,416 [INFO] Server starting — gcp-expert:25048
2026-05-14 18:12:23,732 [INFO] Server starting — gcp-expert:25048
2026-05-14 18:12:25,740 [INFO] Processing request of type ListToolsRequest
2026-05-14 18:12:25,745 [INFO] Processing request of type CallToolRequest
2026-05-14 18:12:25,745 [INFO] TOOL ping args={}
2026-05-14 18:12:25,745 [INFO] TOOK ping OK
2026-05-14 18:12:25,749 [INFO] Processing request of type CallToolRequest
2026-05-14 18:12:25,749 [INFO] TOOL get_server_info args={}
2026-05-14 18:12:25,750 [INFO] TOOK get_server_info OK
2026-05-14 18:12:25,754 [INFO] Processing request of type CallToolRequest
2026-05-14 18:12:25,754 [INFO] TOOL echo args={'text': 'hi'}
2026-05-14 18:12:25,754 [INFO] TOOK echo OK
2026-05-14 18:12:25,758 [INFO] Processing request of type CallToolRequest
2026-05-14 18:12:25,759 [INFO] TOOL memory_set args={'key': 'x', 'value': 'y'}
2026-05-14 18:12:25,759 [INFO] TOOK memory_set OK
2026-05-14 18:12:25,763 [INFO] Processing request of type CallToolRequest
2026-05-14 18:12:25,763 [INFO] TOOL memory_get args={'key': 'x'}
2026-05-14 18:12:25,765 [INFO] TOOK memory_get OK
2026-05-14 18:12:25,769 [INFO] Processing request of type CallToolRequest
2026-05-14 18:12:25,769 [INFO] TOOL memory_delete args={'key': 'x'}
2026-05-14 18:12:25,770 [INFO] TOOK memory_delete OK
