2026-05-14 18:03:10,010 [INFO] Server starting — azure-pro:25047
2026-05-14 18:12:19,720 [INFO] Server starting — azure-pro:25047
2026-05-14 18:12:21,734 [INFO] Processing request of type ListToolsRequest
2026-05-14 18:12:21,739 [INFO] Processing request of type CallToolRequest
2026-05-14 18:12:21,739 [INFO] TOOL ping args={}
2026-05-14 18:12:21,739 [INFO] TOOK ping OK
2026-05-14 18:12:21,743 [INFO] Processing request of type CallToolRequest
2026-05-14 18:12:21,743 [INFO] TOOL get_server_info args={}
2026-05-14 18:12:21,743 [INFO] TOOK get_server_info OK
2026-05-14 18:12:21,747 [INFO] Processing request of type CallToolRequest
2026-05-14 18:12:21,747 [INFO] TOOL echo args={'text': 'hi'}
2026-05-14 18:12:21,747 [INFO] TOOK echo OK
2026-05-14 18:12:21,751 [INFO] Processing request of type CallToolRequest
2026-05-14 18:12:21,752 [INFO] TOOL memory_set args={'key': 'x', 'value': 'y'}
2026-05-14 18:12:21,752 [INFO] TOOK memory_set OK
2026-05-14 18:12:21,756 [INFO] Processing request of type CallToolRequest
2026-05-14 18:12:21,756 [INFO] TOOL memory_get args={'key': 'x'}
2026-05-14 18:12:21,757 [INFO] TOOK memory_get OK
2026-05-14 18:12:21,761 [INFO] Processing request of type CallToolRequest
2026-05-14 18:12:21,761 [INFO] TOOL memory_delete args={'key': 'x'}
2026-05-14 18:12:21,761 [INFO] TOOK memory_delete OK
