2026-05-14 18:03:03,160 [INFO] Server starting — cloud-architect:25045
2026-05-14 18:12:11,723 [INFO] Server starting — cloud-architect:25045
2026-05-14 18:12:13,743 [INFO] Processing request of type ListToolsRequest
2026-05-14 18:12:13,747 [INFO] Processing request of type CallToolRequest
2026-05-14 18:12:13,747 [INFO] TOOL ping args={}
2026-05-14 18:12:13,747 [INFO] TOOK ping OK
2026-05-14 18:12:13,751 [INFO] Processing request of type CallToolRequest
2026-05-14 18:12:13,751 [INFO] TOOL get_server_info args={}
2026-05-14 18:12:13,751 [INFO] TOOK get_server_info OK
2026-05-14 18:12:13,755 [INFO] Processing request of type CallToolRequest
2026-05-14 18:12:13,755 [INFO] TOOL echo args={'text': 'hi'}
2026-05-14 18:12:13,755 [INFO] TOOK echo OK
2026-05-14 18:12:13,759 [INFO] Processing request of type CallToolRequest
2026-05-14 18:12:13,759 [INFO] TOOL memory_set args={'key': 'x', 'value': 'y'}
2026-05-14 18:12:13,759 [INFO] TOOK memory_set OK
2026-05-14 18:12:13,763 [INFO] Processing request of type CallToolRequest
2026-05-14 18:12:13,763 [INFO] TOOL memory_get args={'key': 'x'}
2026-05-14 18:12:13,764 [INFO] TOOK memory_get OK
2026-05-14 18:12:13,768 [INFO] Processing request of type CallToolRequest
2026-05-14 18:12:13,768 [INFO] TOOL memory_delete args={'key': 'x'}
2026-05-14 18:12:13,768 [INFO] TOOK memory_delete OK
