2026-05-14 18:02:35,778 [INFO] Server starting — websocket-mage:25037
2026-05-14 18:11:39,729 [INFO] Server starting — websocket-mage:25037
2026-05-14 18:11:41,746 [INFO] Processing request of type ListToolsRequest
2026-05-14 18:11:41,751 [INFO] Processing request of type CallToolRequest
2026-05-14 18:11:41,751 [INFO] TOOL ping args={}
2026-05-14 18:11:41,751 [INFO] TOOK ping OK
2026-05-14 18:11:41,755 [INFO] Processing request of type CallToolRequest
2026-05-14 18:11:41,755 [INFO] TOOL get_server_info args={}
2026-05-14 18:11:41,755 [INFO] TOOK get_server_info OK
2026-05-14 18:11:41,758 [INFO] Processing request of type CallToolRequest
2026-05-14 18:11:41,758 [INFO] TOOL echo args={'text': 'hi'}
2026-05-14 18:11:41,758 [INFO] TOOK echo OK
2026-05-14 18:11:41,763 [INFO] Processing request of type CallToolRequest
2026-05-14 18:11:41,763 [INFO] TOOL memory_set args={'key': 'x', 'value': 'y'}
2026-05-14 18:11:41,764 [INFO] TOOK memory_set OK
2026-05-14 18:11:41,768 [INFO] Processing request of type CallToolRequest
2026-05-14 18:11:41,768 [INFO] TOOL memory_get args={'key': 'x'}
2026-05-14 18:11:41,769 [INFO] TOOK memory_get OK
2026-05-14 18:11:41,773 [INFO] Processing request of type CallToolRequest
2026-05-14 18:11:41,773 [INFO] TOOL memory_delete args={'key': 'x'}
2026-05-14 18:11:41,773 [INFO] TOOK memory_delete OK
