2026-05-14 18:01:54,728 [INFO] Server starting — debug-detectiv:25025
2026-05-14 18:10:51,704 [INFO] Server starting — debug-detectiv:25025
2026-05-14 18:10:53,742 [INFO] Processing request of type ListToolsRequest
2026-05-14 18:10:53,747 [INFO] Processing request of type CallToolRequest
2026-05-14 18:10:53,747 [INFO] TOOL ping args={}
2026-05-14 18:10:53,747 [INFO] TOOK ping OK
2026-05-14 18:10:53,751 [INFO] Processing request of type CallToolRequest
2026-05-14 18:10:53,752 [INFO] TOOL get_server_info args={}
2026-05-14 18:10:53,752 [INFO] TOOK get_server_info OK
2026-05-14 18:10:53,756 [INFO] Processing request of type CallToolRequest
2026-05-14 18:10:53,756 [INFO] TOOL echo args={'text': 'hi'}
2026-05-14 18:10:53,756 [INFO] TOOK echo OK
2026-05-14 18:10:53,761 [INFO] Processing request of type CallToolRequest
2026-05-14 18:10:53,761 [INFO] TOOL memory_set args={'key': 'x', 'value': 'y'}
2026-05-14 18:10:53,762 [INFO] TOOK memory_set OK
2026-05-14 18:10:53,766 [INFO] Processing request of type CallToolRequest
2026-05-14 18:10:53,766 [INFO] TOOL memory_get args={'key': 'x'}
2026-05-14 18:10:53,768 [INFO] TOOK memory_get OK
2026-05-14 18:10:53,772 [INFO] Processing request of type CallToolRequest
2026-05-14 18:10:53,772 [INFO] TOOL memory_delete args={'key': 'x'}
2026-05-14 18:10:53,772 [INFO] TOOK memory_delete OK
