2026-05-14 18:00:56,557 [INFO] Server starting — css-artisan:25008
2026-05-14 18:07:44,651 [INFO] Server starting — css-artisan:25008
2026-05-14 18:07:48,671 [INFO] Processing request of type ListToolsRequest
2026-05-14 18:07:48,676 [INFO] Processing request of type CallToolRequest
2026-05-14 18:07:48,676 [INFO] TOOL ping args={}
2026-05-14 18:07:48,676 [INFO] TOOK ping OK
2026-05-14 18:07:48,680 [INFO] Processing request of type CallToolRequest
2026-05-14 18:07:48,680 [INFO] TOOL get_server_info args={}
2026-05-14 18:07:48,680 [INFO] TOOK get_server_info OK
2026-05-14 18:07:48,683 [INFO] Processing request of type CallToolRequest
2026-05-14 18:07:48,684 [INFO] TOOL echo args={'text': 'hi'}
2026-05-14 18:07:48,684 [INFO] TOOK echo OK
2026-05-14 18:07:48,688 [INFO] Processing request of type CallToolRequest
2026-05-14 18:07:48,688 [INFO] TOOL memory_set args={'key': 'x', 'value': 'y'}
2026-05-14 18:07:48,688 [INFO] TOOK memory_set OK
2026-05-14 18:07:48,692 [INFO] Processing request of type CallToolRequest
2026-05-14 18:07:48,692 [INFO] TOOL memory_get args={'key': 'x'}
2026-05-14 18:07:48,693 [INFO] TOOK memory_get OK
2026-05-14 18:07:48,697 [INFO] Processing request of type CallToolRequest
2026-05-14 18:07:48,697 [INFO] TOOL memory_delete args={'key': 'x'}
2026-05-14 18:07:48,698 [INFO] TOOK memory_delete OK
2026-05-14 18:09:43,735 [INFO] Server starting — css-artisan:25008
2026-05-14 18:09:45,754 [INFO] Processing request of type ListToolsRequest
2026-05-14 18:09:45,758 [INFO] Processing request of type CallToolRequest
2026-05-14 18:09:45,758 [INFO] TOOL ping args={}
2026-05-14 18:09:45,758 [INFO] TOOK ping OK
2026-05-14 18:09:45,762 [INFO] Processing request of type CallToolRequest
2026-05-14 18:09:45,762 [INFO] TOOL get_server_info args={}
2026-05-14 18:09:45,763 [INFO] TOOK get_server_info OK
2026-05-14 18:09:45,766 [INFO] Processing request of type CallToolRequest
2026-05-14 18:09:45,766 [INFO] TOOL echo args={'text': 'hi'}
2026-05-14 18:09:45,766 [INFO] TOOK echo OK
2026-05-14 18:09:45,770 [INFO] Processing request of type CallToolRequest
2026-05-14 18:09:45,770 [INFO] TOOL memory_set args={'key': 'x', 'value': 'y'}
2026-05-14 18:09:45,771 [INFO] TOOK memory_set OK
2026-05-14 18:09:45,774 [INFO] Processing request of type CallToolRequest
2026-05-14 18:09:45,774 [INFO] TOOL memory_get args={'key': 'x'}
2026-05-14 18:09:45,775 [INFO] TOOK memory_get OK
2026-05-14 18:09:45,779 [INFO] Processing request of type CallToolRequest
2026-05-14 18:09:45,779 [INFO] TOOL memory_delete args={'key': 'x'}
2026-05-14 18:09:45,780 [INFO] TOOK memory_delete OK
