2026-05-14 18:02:42,642 [INFO] Server starting — microservice-arch:25039
2026-05-14 18:11:47,729 [INFO] Server starting — microservice-arch:25039
2026-05-14 18:11:49,739 [INFO] Processing request of type ListToolsRequest
2026-05-14 18:11:49,743 [INFO] Processing request of type CallToolRequest
2026-05-14 18:11:49,744 [INFO] TOOL ping args={}
2026-05-14 18:11:49,744 [INFO] TOOK ping OK
2026-05-14 18:11:49,748 [INFO] Processing request of type CallToolRequest
2026-05-14 18:11:49,748 [INFO] TOOL get_server_info args={}
2026-05-14 18:11:49,748 [INFO] TOOK get_server_info OK
2026-05-14 18:11:49,753 [INFO] Processing request of type CallToolRequest
2026-05-14 18:11:49,753 [INFO] TOOL echo args={'text': 'hi'}
2026-05-14 18:11:49,753 [INFO] TOOK echo OK
2026-05-14 18:11:49,757 [INFO] Processing request of type CallToolRequest
2026-05-14 18:11:49,757 [INFO] TOOL memory_set args={'key': 'x', 'value': 'y'}
2026-05-14 18:11:49,758 [INFO] TOOK memory_set OK
2026-05-14 18:11:49,762 [INFO] Processing request of type CallToolRequest
2026-05-14 18:11:49,762 [INFO] TOOL memory_get args={'key': 'x'}
2026-05-14 18:11:49,764 [INFO] TOOK memory_get OK
2026-05-14 18:11:49,768 [INFO] Processing request of type CallToolRequest
2026-05-14 18:11:49,768 [INFO] TOOL memory_delete args={'key': 'x'}
2026-05-14 18:11:49,769 [INFO] TOOK memory_delete OK
