2026-05-14 18:04:42,354 [INFO] Server starting — canvas-wizard:25074
2026-05-14 18:14:07,725 [INFO] Server starting — canvas-wizard:25074
2026-05-14 18:14:09,732 [INFO] Processing request of type ListToolsRequest
2026-05-14 18:14:09,737 [INFO] Processing request of type CallToolRequest
2026-05-14 18:14:09,737 [INFO] TOOL ping args={}
2026-05-14 18:14:09,737 [INFO] TOOK ping OK
2026-05-14 18:14:09,741 [INFO] Processing request of type CallToolRequest
2026-05-14 18:14:09,741 [INFO] TOOL get_server_info args={}
2026-05-14 18:14:09,741 [INFO] TOOK get_server_info OK
2026-05-14 18:14:09,745 [INFO] Processing request of type CallToolRequest
2026-05-14 18:14:09,745 [INFO] TOOL echo args={'text': 'hi'}
2026-05-14 18:14:09,745 [INFO] TOOK echo OK
2026-05-14 18:14:09,749 [INFO] Processing request of type CallToolRequest
2026-05-14 18:14:09,749 [INFO] TOOL memory_set args={'key': 'x', 'value': 'y'}
2026-05-14 18:14:09,750 [INFO] TOOK memory_set OK
2026-05-14 18:14:09,754 [INFO] Processing request of type CallToolRequest
2026-05-14 18:14:09,754 [INFO] TOOL memory_get args={'key': 'x'}
2026-05-14 18:14:09,755 [INFO] TOOK memory_get OK
2026-05-14 18:14:09,759 [INFO] Processing request of type CallToolRequest
2026-05-14 18:14:09,759 [INFO] TOOL memory_delete args={'key': 'x'}
2026-05-14 18:14:09,759 [INFO] TOOK memory_delete OK
