2026-05-14 18:00:49,702 [INFO] Server starting — data-alchemist:25006
2026-05-14 18:07:32,680 [INFO] Server starting — data-alchemist:25006
2026-05-14 18:07:36,682 [INFO] Processing request of type ListToolsRequest
2026-05-14 18:07:36,686 [INFO] Processing request of type CallToolRequest
2026-05-14 18:07:36,686 [INFO] TOOL ping args={}
2026-05-14 18:07:36,687 [INFO] TOOK ping OK
2026-05-14 18:07:36,690 [INFO] Processing request of type CallToolRequest
2026-05-14 18:07:36,690 [INFO] TOOL get_server_info args={}
2026-05-14 18:07:36,691 [INFO] TOOK get_server_info OK
2026-05-14 18:07:36,694 [INFO] Processing request of type CallToolRequest
2026-05-14 18:07:36,694 [INFO] TOOL echo args={'text': 'hi'}
2026-05-14 18:07:36,694 [INFO] TOOK echo OK
2026-05-14 18:07:36,698 [INFO] Processing request of type CallToolRequest
2026-05-14 18:07:36,698 [INFO] TOOL memory_set args={'key': 'x', 'value': 'y'}
2026-05-14 18:07:36,699 [INFO] TOOK memory_set OK
2026-05-14 18:07:36,702 [INFO] Processing request of type CallToolRequest
2026-05-14 18:07:36,702 [INFO] TOOL memory_get args={'key': 'x'}
2026-05-14 18:07:36,703 [INFO] TOOK memory_get OK
2026-05-14 18:07:36,707 [INFO] Processing request of type CallToolRequest
2026-05-14 18:07:36,707 [INFO] TOOL memory_delete args={'key': 'x'}
2026-05-14 18:07:36,707 [INFO] TOOK memory_delete OK
2026-05-14 18:09:35,774 [INFO] Server starting — data-alchemist:25006
2026-05-14 18:09:37,764 [INFO] Processing request of type ListToolsRequest
2026-05-14 18:09:37,769 [INFO] Processing request of type CallToolRequest
2026-05-14 18:09:37,769 [INFO] TOOL ping args={}
2026-05-14 18:09:37,769 [INFO] TOOK ping OK
2026-05-14 18:09:37,773 [INFO] Processing request of type CallToolRequest
2026-05-14 18:09:37,773 [INFO] TOOL get_server_info args={}
2026-05-14 18:09:37,773 [INFO] TOOK get_server_info OK
2026-05-14 18:09:37,777 [INFO] Processing request of type CallToolRequest
2026-05-14 18:09:37,777 [INFO] TOOL echo args={'text': 'hi'}
2026-05-14 18:09:37,777 [INFO] TOOK echo OK
2026-05-14 18:09:37,781 [INFO] Processing request of type CallToolRequest
2026-05-14 18:09:37,781 [INFO] TOOL memory_set args={'key': 'x', 'value': 'y'}
2026-05-14 18:09:37,781 [INFO] TOOK memory_set OK
2026-05-14 18:09:37,785 [INFO] Processing request of type CallToolRequest
2026-05-14 18:09:37,785 [INFO] TOOL memory_get args={'key': 'x'}
2026-05-14 18:09:37,786 [INFO] TOOK memory_get OK
2026-05-14 18:09:37,790 [INFO] Processing request of type CallToolRequest
2026-05-14 18:09:37,790 [INFO] TOOL memory_delete args={'key': 'x'}
2026-05-14 18:09:37,791 [INFO] TOOK memory_delete OK
