2026-05-14 18:01:17,096 [INFO] Server starting — node-crafter:25014
2026-05-14 18:08:20,640 [INFO] Server starting — node-crafter:25014
2026-05-14 18:08:24,674 [INFO] Processing request of type ListToolsRequest
2026-05-14 18:08:24,678 [INFO] Processing request of type CallToolRequest
2026-05-14 18:08:24,678 [INFO] TOOL ping args={}
2026-05-14 18:08:24,678 [INFO] TOOK ping OK
2026-05-14 18:08:24,682 [INFO] Processing request of type CallToolRequest
2026-05-14 18:08:24,682 [INFO] TOOL get_server_info args={}
2026-05-14 18:08:24,682 [INFO] TOOK get_server_info OK
2026-05-14 18:08:24,686 [INFO] Processing request of type CallToolRequest
2026-05-14 18:08:24,686 [INFO] TOOL echo args={'text': 'hi'}
2026-05-14 18:08:24,686 [INFO] TOOK echo OK
2026-05-14 18:08:24,690 [INFO] Processing request of type CallToolRequest
2026-05-14 18:08:24,690 [INFO] TOOL memory_set args={'key': 'x', 'value': 'y'}
2026-05-14 18:08:24,691 [INFO] TOOK memory_set OK
2026-05-14 18:08:24,694 [INFO] Processing request of type CallToolRequest
2026-05-14 18:08:24,694 [INFO] TOOL memory_get args={'key': 'x'}
2026-05-14 18:08:24,695 [INFO] TOOK memory_get OK
2026-05-14 18:08:24,699 [INFO] Processing request of type CallToolRequest
2026-05-14 18:08:24,699 [INFO] TOOL memory_delete args={'key': 'x'}
2026-05-14 18:08:24,700 [INFO] TOOK memory_delete OK
2026-05-14 18:10:07,744 [INFO] Server starting — node-crafter:25014
2026-05-14 18:10:09,774 [INFO] Processing request of type ListToolsRequest
2026-05-14 18:10:09,778 [INFO] Processing request of type CallToolRequest
2026-05-14 18:10:09,778 [INFO] TOOL ping args={}
2026-05-14 18:10:09,778 [INFO] TOOK ping OK
2026-05-14 18:10:09,782 [INFO] Processing request of type CallToolRequest
2026-05-14 18:10:09,782 [INFO] TOOL get_server_info args={}
2026-05-14 18:10:09,782 [INFO] TOOK get_server_info OK
2026-05-14 18:10:09,785 [INFO] Processing request of type CallToolRequest
2026-05-14 18:10:09,786 [INFO] TOOL echo args={'text': 'hi'}
2026-05-14 18:10:09,786 [INFO] TOOK echo OK
2026-05-14 18:10:09,789 [INFO] Processing request of type CallToolRequest
2026-05-14 18:10:09,789 [INFO] TOOL memory_set args={'key': 'x', 'value': 'y'}
2026-05-14 18:10:09,790 [INFO] TOOK memory_set OK
2026-05-14 18:10:09,793 [INFO] Processing request of type CallToolRequest
2026-05-14 18:10:09,793 [INFO] TOOL memory_get args={'key': 'x'}
2026-05-14 18:10:09,794 [INFO] TOOK memory_get OK
2026-05-14 18:10:09,798 [INFO] Processing request of type CallToolRequest
2026-05-14 18:10:09,798 [INFO] TOOL memory_delete args={'key': 'x'}
2026-05-14 18:10:09,799 [INFO] TOOK memory_delete OK
