2026-05-14 18:04:28,657 [INFO] Server starting — color-theorist:25070
2026-05-14 18:13:51,739 [INFO] Server starting — color-theorist:25070
2026-05-14 18:13:53,738 [INFO] Processing request of type ListToolsRequest
2026-05-14 18:13:53,742 [INFO] Processing request of type CallToolRequest
2026-05-14 18:13:53,742 [INFO] TOOL ping args={}
2026-05-14 18:13:53,742 [INFO] TOOK ping OK
2026-05-14 18:13:53,746 [INFO] Processing request of type CallToolRequest
2026-05-14 18:13:53,746 [INFO] TOOL get_server_info args={}
2026-05-14 18:13:53,746 [INFO] TOOK get_server_info OK
2026-05-14 18:13:53,750 [INFO] Processing request of type CallToolRequest
2026-05-14 18:13:53,750 [INFO] TOOL echo args={'text': 'hi'}
2026-05-14 18:13:53,750 [INFO] TOOK echo OK
2026-05-14 18:13:53,754 [INFO] Processing request of type CallToolRequest
2026-05-14 18:13:53,754 [INFO] TOOL memory_set args={'key': 'x', 'value': 'y'}
2026-05-14 18:13:53,755 [INFO] TOOK memory_set OK
2026-05-14 18:13:53,758 [INFO] Processing request of type CallToolRequest
2026-05-14 18:13:53,758 [INFO] TOOL memory_get args={'key': 'x'}
2026-05-14 18:13:53,760 [INFO] TOOK memory_get OK
2026-05-14 18:13:53,764 [INFO] Processing request of type CallToolRequest
2026-05-14 18:13:53,764 [INFO] TOOL memory_delete args={'key': 'x'}
2026-05-14 18:13:53,764 [INFO] TOOK memory_delete OK
