2026-05-14 18:00:53,121 [INFO] Server starting — api-builder:25007
2026-05-14 18:07:38,666 [INFO] Server starting — api-builder:25007
2026-05-14 18:07:42,672 [INFO] Processing request of type ListToolsRequest
2026-05-14 18:07:42,676 [INFO] Processing request of type CallToolRequest
2026-05-14 18:07:42,676 [INFO] TOOL ping args={}
2026-05-14 18:07:42,677 [INFO] TOOK ping OK
2026-05-14 18:07:42,680 [INFO] Processing request of type CallToolRequest
2026-05-14 18:07:42,680 [INFO] TOOL get_server_info args={}
2026-05-14 18:07:42,680 [INFO] TOOK get_server_info OK
2026-05-14 18:07:42,684 [INFO] Processing request of type CallToolRequest
2026-05-14 18:07:42,684 [INFO] TOOL echo args={'text': 'hi'}
2026-05-14 18:07:42,684 [INFO] TOOK echo OK
2026-05-14 18:07:42,688 [INFO] Processing request of type CallToolRequest
2026-05-14 18:07:42,688 [INFO] TOOL memory_set args={'key': 'x', 'value': 'y'}
2026-05-14 18:07:42,689 [INFO] TOOK memory_set OK
2026-05-14 18:07:42,693 [INFO] Processing request of type CallToolRequest
2026-05-14 18:07:42,693 [INFO] TOOL memory_get args={'key': 'x'}
2026-05-14 18:07:42,694 [INFO] TOOK memory_get OK
2026-05-14 18:07:42,698 [INFO] Processing request of type CallToolRequest
2026-05-14 18:07:42,698 [INFO] TOOL memory_delete args={'key': 'x'}
2026-05-14 18:07:42,698 [INFO] TOOK memory_delete OK
2026-05-14 18:09:39,737 [INFO] Server starting — api-builder:25007
2026-05-14 18:09:41,763 [INFO] Processing request of type ListToolsRequest
2026-05-14 18:09:41,768 [INFO] Processing request of type CallToolRequest
2026-05-14 18:09:41,768 [INFO] TOOL ping args={}
2026-05-14 18:09:41,768 [INFO] TOOK ping OK
2026-05-14 18:09:41,772 [INFO] Processing request of type CallToolRequest
2026-05-14 18:09:41,772 [INFO] TOOL get_server_info args={}
2026-05-14 18:09:41,772 [INFO] TOOK get_server_info OK
2026-05-14 18:09:41,775 [INFO] Processing request of type CallToolRequest
2026-05-14 18:09:41,775 [INFO] TOOL echo args={'text': 'hi'}
2026-05-14 18:09:41,775 [INFO] TOOK echo OK
2026-05-14 18:09:41,779 [INFO] Processing request of type CallToolRequest
2026-05-14 18:09:41,779 [INFO] TOOL memory_set args={'key': 'x', 'value': 'y'}
2026-05-14 18:09:41,779 [INFO] TOOK memory_set OK
2026-05-14 18:09:41,783 [INFO] Processing request of type CallToolRequest
2026-05-14 18:09:41,783 [INFO] TOOL memory_get args={'key': 'x'}
2026-05-14 18:09:41,784 [INFO] TOOK memory_get OK
2026-05-14 18:09:41,787 [INFO] Processing request of type CallToolRequest
2026-05-14 18:09:41,788 [INFO] TOOL memory_delete args={'key': 'x'}
2026-05-14 18:09:41,788 [INFO] TOOK memory_delete OK
