2026-05-14 18:03:30,514 [INFO] Server starting — shell-weaver:25053
2026-05-14 18:12:43,749 [INFO] Server starting — shell-weaver:25053
2026-05-14 18:12:45,770 [INFO] Processing request of type ListToolsRequest
2026-05-14 18:12:45,774 [INFO] Processing request of type CallToolRequest
2026-05-14 18:12:45,774 [INFO] TOOL ping args={}
2026-05-14 18:12:45,774 [INFO] TOOK ping OK
2026-05-14 18:12:45,778 [INFO] Processing request of type CallToolRequest
2026-05-14 18:12:45,778 [INFO] TOOL get_server_info args={}
2026-05-14 18:12:45,778 [INFO] TOOK get_server_info OK
2026-05-14 18:12:45,782 [INFO] Processing request of type CallToolRequest
2026-05-14 18:12:45,782 [INFO] TOOL echo args={'text': 'hi'}
2026-05-14 18:12:45,782 [INFO] TOOK echo OK
2026-05-14 18:12:45,786 [INFO] Processing request of type CallToolRequest
2026-05-14 18:12:45,786 [INFO] TOOL memory_set args={'key': 'x', 'value': 'y'}
2026-05-14 18:12:45,786 [INFO] TOOK memory_set OK
2026-05-14 18:12:45,790 [INFO] Processing request of type CallToolRequest
2026-05-14 18:12:45,790 [INFO] TOOL memory_get args={'key': 'x'}
2026-05-14 18:12:45,791 [INFO] TOOK memory_get OK
2026-05-14 18:12:45,795 [INFO] Processing request of type CallToolRequest
2026-05-14 18:12:45,795 [INFO] TOOL memory_delete args={'key': 'x'}
2026-05-14 18:12:45,796 [INFO] TOOK memory_delete OK
