2026-05-14 18:02:39,194 [INFO] Server starting — grpc-builder:25038
2026-05-14 18:11:43,722 [INFO] Server starting — grpc-builder:25038
2026-05-14 18:11:45,739 [INFO] Processing request of type ListToolsRequest
2026-05-14 18:11:45,743 [INFO] Processing request of type CallToolRequest
2026-05-14 18:11:45,743 [INFO] TOOL ping args={}
2026-05-14 18:11:45,743 [INFO] TOOK ping OK
2026-05-14 18:11:45,747 [INFO] Processing request of type CallToolRequest
2026-05-14 18:11:45,747 [INFO] TOOL get_server_info args={}
2026-05-14 18:11:45,747 [INFO] TOOK get_server_info OK
2026-05-14 18:11:45,751 [INFO] Processing request of type CallToolRequest
2026-05-14 18:11:45,751 [INFO] TOOL echo args={'text': 'hi'}
2026-05-14 18:11:45,751 [INFO] TOOK echo OK
2026-05-14 18:11:45,755 [INFO] Processing request of type CallToolRequest
2026-05-14 18:11:45,755 [INFO] TOOL memory_set args={'key': 'x', 'value': 'y'}
2026-05-14 18:11:45,756 [INFO] TOOK memory_set OK
2026-05-14 18:11:45,759 [INFO] Processing request of type CallToolRequest
2026-05-14 18:11:45,759 [INFO] TOOL memory_get args={'key': 'x'}
2026-05-14 18:11:45,761 [INFO] TOOK memory_get OK
2026-05-14 18:11:45,764 [INFO] Processing request of type CallToolRequest
2026-05-14 18:11:45,764 [INFO] TOOL memory_delete args={'key': 'x'}
2026-05-14 18:11:45,765 [INFO] TOOK memory_delete OK
