2026-05-14 18:02:56,318 [INFO] Server starting — log-analyst:25043
2026-05-14 18:12:03,723 [INFO] Server starting — log-analyst:25043
2026-05-14 18:12:05,744 [INFO] Processing request of type ListToolsRequest
2026-05-14 18:12:05,748 [INFO] Processing request of type CallToolRequest
2026-05-14 18:12:05,748 [INFO] TOOL ping args={}
2026-05-14 18:12:05,748 [INFO] TOOK ping OK
2026-05-14 18:12:05,752 [INFO] Processing request of type CallToolRequest
2026-05-14 18:12:05,752 [INFO] TOOL get_server_info args={}
2026-05-14 18:12:05,752 [INFO] TOOK get_server_info OK
2026-05-14 18:12:05,756 [INFO] Processing request of type CallToolRequest
2026-05-14 18:12:05,757 [INFO] TOOL echo args={'text': 'hi'}
2026-05-14 18:12:05,757 [INFO] TOOK echo OK
2026-05-14 18:12:05,761 [INFO] Processing request of type CallToolRequest
2026-05-14 18:12:05,761 [INFO] TOOL memory_set args={'key': 'x', 'value': 'y'}
2026-05-14 18:12:05,761 [INFO] TOOK memory_set OK
2026-05-14 18:12:05,765 [INFO] Processing request of type CallToolRequest
2026-05-14 18:12:05,766 [INFO] TOOL memory_get args={'key': 'x'}
2026-05-14 18:12:05,767 [INFO] TOOK memory_get OK
2026-05-14 18:12:05,771 [INFO] Processing request of type CallToolRequest
2026-05-14 18:12:05,771 [INFO] TOOL memory_delete args={'key': 'x'}
2026-05-14 18:12:05,771 [INFO] TOOK memory_delete OK
