2026-05-14 18:01:58,139 [INFO] Server starting — perf-tuner:25026
2026-05-14 18:10:55,736 [INFO] Server starting — perf-tuner:25026
2026-05-14 18:10:57,759 [INFO] Processing request of type ListToolsRequest
2026-05-14 18:10:57,764 [INFO] Processing request of type CallToolRequest
2026-05-14 18:10:57,764 [INFO] TOOL ping args={}
2026-05-14 18:10:57,764 [INFO] TOOK ping OK
2026-05-14 18:10:57,768 [INFO] Processing request of type CallToolRequest
2026-05-14 18:10:57,768 [INFO] TOOL get_server_info args={}
2026-05-14 18:10:57,768 [INFO] TOOK get_server_info OK
2026-05-14 18:10:57,772 [INFO] Processing request of type CallToolRequest
2026-05-14 18:10:57,772 [INFO] TOOL echo args={'text': 'hi'}
2026-05-14 18:10:57,772 [INFO] TOOK echo OK
2026-05-14 18:10:57,777 [INFO] Processing request of type CallToolRequest
2026-05-14 18:10:57,777 [INFO] TOOL memory_set args={'key': 'x', 'value': 'y'}
2026-05-14 18:10:57,777 [INFO] TOOK memory_set OK
2026-05-14 18:10:57,781 [INFO] Processing request of type CallToolRequest
2026-05-14 18:10:57,781 [INFO] TOOL memory_get args={'key': 'x'}
2026-05-14 18:10:57,782 [INFO] TOOK memory_get OK
2026-05-14 18:10:57,786 [INFO] Processing request of type CallToolRequest
2026-05-14 18:10:57,786 [INFO] TOOL memory_delete args={'key': 'x'}
2026-05-14 18:10:57,787 [INFO] TOOK memory_delete OK
