2026-05-14 18:04:18,409 [INFO] Server starting — l10n-expert:25067
2026-05-14 18:13:39,746 [INFO] Server starting — l10n-expert:25067
2026-05-14 18:13:41,747 [INFO] Processing request of type ListToolsRequest
2026-05-14 18:13:41,752 [INFO] Processing request of type CallToolRequest
2026-05-14 18:13:41,752 [INFO] TOOL ping args={}
2026-05-14 18:13:41,752 [INFO] TOOK ping OK
2026-05-14 18:13:41,756 [INFO] Processing request of type CallToolRequest
2026-05-14 18:13:41,756 [INFO] TOOL get_server_info args={}
2026-05-14 18:13:41,756 [INFO] TOOK get_server_info OK
2026-05-14 18:13:41,759 [INFO] Processing request of type CallToolRequest
2026-05-14 18:13:41,760 [INFO] TOOL echo args={'text': 'hi'}
2026-05-14 18:13:41,760 [INFO] TOOK echo OK
2026-05-14 18:13:41,765 [INFO] Processing request of type CallToolRequest
2026-05-14 18:13:41,765 [INFO] TOOL memory_set args={'key': 'x', 'value': 'y'}
2026-05-14 18:13:41,765 [INFO] TOOK memory_set OK
2026-05-14 18:13:41,769 [INFO] Processing request of type CallToolRequest
2026-05-14 18:13:41,769 [INFO] TOOL memory_get args={'key': 'x'}
2026-05-14 18:13:41,770 [INFO] TOOK memory_get OK
2026-05-14 18:13:41,774 [INFO] Processing request of type CallToolRequest
2026-05-14 18:13:41,774 [INFO] TOOL memory_delete args={'key': 'x'}
2026-05-14 18:13:41,775 [INFO] TOOK memory_delete OK
