2026-05-14 18:02:05,036 [INFO] Server starting — auth-guardian:25028
2026-05-14 18:11:03,741 [INFO] Server starting — auth-guardian:25028
2026-05-14 18:11:05,752 [INFO] Processing request of type ListToolsRequest
2026-05-14 18:11:05,756 [INFO] Processing request of type CallToolRequest
2026-05-14 18:11:05,757 [INFO] TOOL ping args={}
2026-05-14 18:11:05,757 [INFO] TOOK ping OK
2026-05-14 18:11:05,760 [INFO] Processing request of type CallToolRequest
2026-05-14 18:11:05,760 [INFO] TOOL get_server_info args={}
2026-05-14 18:11:05,761 [INFO] TOOK get_server_info OK
2026-05-14 18:11:05,764 [INFO] Processing request of type CallToolRequest
2026-05-14 18:11:05,764 [INFO] TOOL echo args={'text': 'hi'}
2026-05-14 18:11:05,764 [INFO] TOOK echo OK
2026-05-14 18:11:05,768 [INFO] Processing request of type CallToolRequest
2026-05-14 18:11:05,768 [INFO] TOOL memory_set args={'key': 'x', 'value': 'y'}
2026-05-14 18:11:05,769 [INFO] TOOK memory_set OK
2026-05-14 18:11:05,772 [INFO] Processing request of type CallToolRequest
2026-05-14 18:11:05,772 [INFO] TOOL memory_get args={'key': 'x'}
2026-05-14 18:11:05,774 [INFO] TOOK memory_get OK
2026-05-14 18:11:05,777 [INFO] Processing request of type CallToolRequest
2026-05-14 18:11:05,777 [INFO] TOOL memory_delete args={'key': 'x'}
2026-05-14 18:11:05,778 [INFO] TOOK memory_delete OK
