2026-05-14 18:04:15,005 [INFO] Server starting — i18n-master:25066
2026-05-14 18:13:35,757 [INFO] Server starting — i18n-master:25066
2026-05-14 18:13:37,758 [INFO] Processing request of type ListToolsRequest
2026-05-14 18:13:37,762 [INFO] Processing request of type CallToolRequest
2026-05-14 18:13:37,762 [INFO] TOOL ping args={}
2026-05-14 18:13:37,763 [INFO] TOOK ping OK
2026-05-14 18:13:37,767 [INFO] Processing request of type CallToolRequest
2026-05-14 18:13:37,767 [INFO] TOOL get_server_info args={}
2026-05-14 18:13:37,767 [INFO] TOOK get_server_info OK
2026-05-14 18:13:37,771 [INFO] Processing request of type CallToolRequest
2026-05-14 18:13:37,772 [INFO] TOOL echo args={'text': 'hi'}
2026-05-14 18:13:37,772 [INFO] TOOK echo OK
2026-05-14 18:13:37,776 [INFO] Processing request of type CallToolRequest
2026-05-14 18:13:37,776 [INFO] TOOL memory_set args={'key': 'x', 'value': 'y'}
2026-05-14 18:13:37,777 [INFO] TOOK memory_set OK
2026-05-14 18:13:37,780 [INFO] Processing request of type CallToolRequest
2026-05-14 18:13:37,781 [INFO] TOOL memory_get args={'key': 'x'}
2026-05-14 18:13:37,782 [INFO] TOOK memory_get OK
2026-05-14 18:13:37,786 [INFO] Processing request of type CallToolRequest
2026-05-14 18:13:37,786 [INFO] TOOL memory_delete args={'key': 'x'}
2026-05-14 18:13:37,786 [INFO] TOOK memory_delete OK
