2026-05-14 18:04:56,030 [INFO] Server starting — meta-tag-master:25078
2026-05-14 18:14:23,725 [INFO] Server starting — meta-tag-master:25078
2026-05-14 18:14:25,740 [INFO] Processing request of type ListToolsRequest
2026-05-14 18:14:25,744 [INFO] Processing request of type CallToolRequest
2026-05-14 18:14:25,745 [INFO] TOOL ping args={}
2026-05-14 18:14:25,745 [INFO] TOOK ping OK
2026-05-14 18:14:25,748 [INFO] Processing request of type CallToolRequest
2026-05-14 18:14:25,748 [INFO] TOOL get_server_info args={}
2026-05-14 18:14:25,748 [INFO] TOOK get_server_info OK
2026-05-14 18:14:25,752 [INFO] Processing request of type CallToolRequest
2026-05-14 18:14:25,752 [INFO] TOOL echo args={'text': 'hi'}
2026-05-14 18:14:25,752 [INFO] TOOK echo OK
2026-05-14 18:14:25,756 [INFO] Processing request of type CallToolRequest
2026-05-14 18:14:25,756 [INFO] TOOL memory_set args={'key': 'x', 'value': 'y'}
2026-05-14 18:14:25,757 [INFO] TOOK memory_set OK
2026-05-14 18:14:25,760 [INFO] Processing request of type CallToolRequest
2026-05-14 18:14:25,761 [INFO] TOOL memory_get args={'key': 'x'}
2026-05-14 18:14:25,762 [INFO] TOOK memory_get OK
2026-05-14 18:14:25,766 [INFO] Processing request of type CallToolRequest
2026-05-14 18:14:25,767 [INFO] TOOL memory_delete args={'key': 'x'}
2026-05-14 18:14:25,767 [INFO] TOOK memory_delete OK
