2026-05-14 18:01:41,022 [INFO] Server starting — docker-maestro:25021
2026-05-14 18:10:35,719 [INFO] Server starting — docker-maestro:25021
2026-05-14 18:10:37,744 [INFO] Processing request of type ListToolsRequest
2026-05-14 18:10:37,749 [INFO] Processing request of type CallToolRequest
2026-05-14 18:10:37,749 [INFO] TOOL ping args={}
2026-05-14 18:10:37,749 [INFO] TOOK ping OK
2026-05-14 18:10:37,753 [INFO] Processing request of type CallToolRequest
2026-05-14 18:10:37,753 [INFO] TOOL get_server_info args={}
2026-05-14 18:10:37,753 [INFO] TOOK get_server_info OK
2026-05-14 18:10:37,757 [INFO] Processing request of type CallToolRequest
2026-05-14 18:10:37,757 [INFO] TOOL echo args={'text': 'hi'}
2026-05-14 18:10:37,757 [INFO] TOOK echo OK
2026-05-14 18:10:37,761 [INFO] Processing request of type CallToolRequest
2026-05-14 18:10:37,761 [INFO] TOOL memory_set args={'key': 'x', 'value': 'y'}
2026-05-14 18:10:37,762 [INFO] TOOK memory_set OK
2026-05-14 18:10:37,766 [INFO] Processing request of type CallToolRequest
2026-05-14 18:10:37,766 [INFO] TOOL memory_get args={'key': 'x'}
2026-05-14 18:10:37,768 [INFO] TOOK memory_get OK
2026-05-14 18:10:37,772 [INFO] Processing request of type CallToolRequest
2026-05-14 18:10:37,772 [INFO] TOOL memory_delete args={'key': 'x'}
2026-05-14 18:10:37,772 [INFO] TOOK memory_delete OK
