2026-05-14 18:02:22,104 [INFO] Server starting — regex-ranger:25033
2026-05-14 18:11:23,746 [INFO] Server starting — regex-ranger:25033
2026-05-14 18:11:25,766 [INFO] Processing request of type ListToolsRequest
2026-05-14 18:11:25,770 [INFO] Processing request of type CallToolRequest
2026-05-14 18:11:25,770 [INFO] TOOL ping args={}
2026-05-14 18:11:25,770 [INFO] TOOK ping OK
2026-05-14 18:11:25,774 [INFO] Processing request of type CallToolRequest
2026-05-14 18:11:25,774 [INFO] TOOL get_server_info args={}
2026-05-14 18:11:25,774 [INFO] TOOK get_server_info OK
2026-05-14 18:11:25,778 [INFO] Processing request of type CallToolRequest
2026-05-14 18:11:25,778 [INFO] TOOL echo args={'text': 'hi'}
2026-05-14 18:11:25,778 [INFO] TOOK echo OK
2026-05-14 18:11:25,782 [INFO] Processing request of type CallToolRequest
2026-05-14 18:11:25,783 [INFO] TOOL memory_set args={'key': 'x', 'value': 'y'}
2026-05-14 18:11:25,783 [INFO] TOOK memory_set OK
2026-05-14 18:11:25,787 [INFO] Processing request of type CallToolRequest
2026-05-14 18:11:25,787 [INFO] TOOL memory_get args={'key': 'x'}
2026-05-14 18:11:25,788 [INFO] TOOK memory_get OK
2026-05-14 18:11:25,791 [INFO] Processing request of type CallToolRequest
2026-05-14 18:11:25,792 [INFO] TOOL memory_delete args={'key': 'x'}
2026-05-14 18:11:25,792 [INFO] TOOK memory_delete OK
