2026-05-14 18:02:46,056 [INFO] Server starting — queue-master:25040
2026-05-14 18:11:51,715 [INFO] Server starting — queue-master:25040
2026-05-14 18:11:53,742 [INFO] Processing request of type ListToolsRequest
2026-05-14 18:11:53,746 [INFO] Processing request of type CallToolRequest
2026-05-14 18:11:53,746 [INFO] TOOL ping args={}
2026-05-14 18:11:53,746 [INFO] TOOK ping OK
2026-05-14 18:11:53,750 [INFO] Processing request of type CallToolRequest
2026-05-14 18:11:53,750 [INFO] TOOL get_server_info args={}
2026-05-14 18:11:53,750 [INFO] TOOK get_server_info OK
2026-05-14 18:11:53,754 [INFO] Processing request of type CallToolRequest
2026-05-14 18:11:53,754 [INFO] TOOL echo args={'text': 'hi'}
2026-05-14 18:11:53,754 [INFO] TOOK echo OK
2026-05-14 18:11:53,759 [INFO] Processing request of type CallToolRequest
2026-05-14 18:11:53,759 [INFO] TOOL memory_set args={'key': 'x', 'value': 'y'}
2026-05-14 18:11:53,759 [INFO] TOOK memory_set OK
2026-05-14 18:11:53,763 [INFO] Processing request of type CallToolRequest
2026-05-14 18:11:53,763 [INFO] TOOL memory_get args={'key': 'x'}
2026-05-14 18:11:53,765 [INFO] TOOK memory_get OK
2026-05-14 18:11:53,769 [INFO] Processing request of type CallToolRequest
2026-05-14 18:11:53,769 [INFO] TOOL memory_delete args={'key': 'x'}
2026-05-14 18:11:53,770 [INFO] TOOK memory_delete OK
