2026-05-14 18:04:38,934 [INFO] Server starting — svg-artist:25073
2026-05-14 18:14:03,701 [INFO] Server starting — svg-artist:25073
2026-05-14 18:14:05,723 [INFO] Processing request of type ListToolsRequest
2026-05-14 18:14:05,728 [INFO] Processing request of type CallToolRequest
2026-05-14 18:14:05,728 [INFO] TOOL ping args={}
2026-05-14 18:14:05,728 [INFO] TOOK ping OK
2026-05-14 18:14:05,732 [INFO] Processing request of type CallToolRequest
2026-05-14 18:14:05,732 [INFO] TOOL get_server_info args={}
2026-05-14 18:14:05,732 [INFO] TOOK get_server_info OK
2026-05-14 18:14:05,735 [INFO] Processing request of type CallToolRequest
2026-05-14 18:14:05,735 [INFO] TOOL echo args={'text': 'hi'}
2026-05-14 18:14:05,735 [INFO] TOOK echo OK
2026-05-14 18:14:05,739 [INFO] Processing request of type CallToolRequest
2026-05-14 18:14:05,740 [INFO] TOOL memory_set args={'key': 'x', 'value': 'y'}
2026-05-14 18:14:05,740 [INFO] TOOK memory_set OK
2026-05-14 18:14:05,744 [INFO] Processing request of type CallToolRequest
2026-05-14 18:14:05,744 [INFO] TOOL memory_get args={'key': 'x'}
2026-05-14 18:14:05,745 [INFO] TOOK memory_get OK
2026-05-14 18:14:05,749 [INFO] Processing request of type CallToolRequest
2026-05-14 18:14:05,749 [INFO] TOOL memory_delete args={'key': 'x'}
2026-05-14 18:14:05,749 [INFO] TOOK memory_delete OK
