2026-05-14 18:04:21,830 [INFO] Server starting — component-designer:25068
2026-05-14 18:13:43,725 [INFO] Server starting — component-designer:25068
2026-05-14 18:13:45,741 [INFO] Processing request of type ListToolsRequest
2026-05-14 18:13:45,745 [INFO] Processing request of type CallToolRequest
2026-05-14 18:13:45,745 [INFO] TOOL ping args={}
2026-05-14 18:13:45,745 [INFO] TOOK ping OK
2026-05-14 18:13:45,749 [INFO] Processing request of type CallToolRequest
2026-05-14 18:13:45,749 [INFO] TOOL get_server_info args={}
2026-05-14 18:13:45,749 [INFO] TOOK get_server_info OK
2026-05-14 18:13:45,753 [INFO] Processing request of type CallToolRequest
2026-05-14 18:13:45,753 [INFO] TOOL echo args={'text': 'hi'}
2026-05-14 18:13:45,753 [INFO] TOOK echo OK
2026-05-14 18:13:45,757 [INFO] Processing request of type CallToolRequest
2026-05-14 18:13:45,758 [INFO] TOOL memory_set args={'key': 'x', 'value': 'y'}
2026-05-14 18:13:45,758 [INFO] TOOK memory_set OK
2026-05-14 18:13:45,762 [INFO] Processing request of type CallToolRequest
2026-05-14 18:13:45,762 [INFO] TOOL memory_get args={'key': 'x'}
2026-05-14 18:13:45,763 [INFO] TOOK memory_get OK
2026-05-14 18:13:45,767 [INFO] Processing request of type CallToolRequest
2026-05-14 18:13:45,767 [INFO] TOOL memory_delete args={'key': 'x'}
2026-05-14 18:13:45,768 [INFO] TOOK memory_delete OK
