2026-05-14 18:05:09,741 [INFO] Server starting — yaml-tamer:25082
2026-05-14 18:14:39,740 [INFO] Server starting — yaml-tamer:25082
2026-05-14 18:14:41,765 [INFO] Processing request of type ListToolsRequest
2026-05-14 18:14:41,769 [INFO] Processing request of type CallToolRequest
2026-05-14 18:14:41,770 [INFO] TOOL ping args={}
2026-05-14 18:14:41,770 [INFO] TOOK ping OK
2026-05-14 18:14:41,773 [INFO] Processing request of type CallToolRequest
2026-05-14 18:14:41,774 [INFO] TOOL get_server_info args={}
2026-05-14 18:14:41,774 [INFO] TOOK get_server_info OK
2026-05-14 18:14:41,777 [INFO] Processing request of type CallToolRequest
2026-05-14 18:14:41,777 [INFO] TOOL echo args={'text': 'hi'}
2026-05-14 18:14:41,777 [INFO] TOOK echo OK
2026-05-14 18:14:41,782 [INFO] Processing request of type CallToolRequest
2026-05-14 18:14:41,782 [INFO] TOOL memory_set args={'key': 'x', 'value': 'y'}
2026-05-14 18:14:41,782 [INFO] TOOK memory_set OK
2026-05-14 18:14:41,786 [INFO] Processing request of type CallToolRequest
2026-05-14 18:14:41,786 [INFO] TOOL memory_get args={'key': 'x'}
2026-05-14 18:14:41,787 [INFO] TOOK memory_get OK
2026-05-14 18:14:41,791 [INFO] Processing request of type CallToolRequest
2026-05-14 18:14:41,791 [INFO] TOOL memory_delete args={'key': 'x'}
2026-05-14 18:14:41,792 [INFO] TOOK memory_delete OK
