2026-05-14 18:01:47,852 [INFO] Server starting — ci-cd-engineer:25023
2026-05-14 18:10:43,727 [INFO] Server starting — ci-cd-engineer:25023
2026-05-14 18:10:45,719 [INFO] Processing request of type ListToolsRequest
2026-05-14 18:10:45,723 [INFO] Processing request of type CallToolRequest
2026-05-14 18:10:45,723 [INFO] TOOL ping args={}
2026-05-14 18:10:45,724 [INFO] TOOK ping OK
2026-05-14 18:10:45,727 [INFO] Processing request of type CallToolRequest
2026-05-14 18:10:45,727 [INFO] TOOL get_server_info args={}
2026-05-14 18:10:45,727 [INFO] TOOK get_server_info OK
2026-05-14 18:10:45,731 [INFO] Processing request of type CallToolRequest
2026-05-14 18:10:45,731 [INFO] TOOL echo args={'text': 'hi'}
2026-05-14 18:10:45,731 [INFO] TOOK echo OK
2026-05-14 18:10:45,735 [INFO] Processing request of type CallToolRequest
2026-05-14 18:10:45,735 [INFO] TOOL memory_set args={'key': 'x', 'value': 'y'}
2026-05-14 18:10:45,736 [INFO] TOOK memory_set OK
2026-05-14 18:10:45,740 [INFO] Processing request of type CallToolRequest
2026-05-14 18:10:45,740 [INFO] TOOL memory_get args={'key': 'x'}
2026-05-14 18:10:45,741 [INFO] TOOK memory_get OK
2026-05-14 18:10:45,744 [INFO] Processing request of type CallToolRequest
2026-05-14 18:10:45,745 [INFO] TOOL memory_delete args={'key': 'x'}
2026-05-14 18:10:45,745 [INFO] TOOK memory_delete OK
