2026-05-14 18:05:43,963 [INFO] Server starting — oauth-guardian:25092
2026-05-14 18:15:19,924 [INFO] Server starting — oauth-guardian:25092
2026-05-14 18:15:21,924 [INFO] Processing request of type ListToolsRequest
2026-05-14 18:15:21,928 [INFO] Processing request of type CallToolRequest
2026-05-14 18:15:21,928 [INFO] TOOL ping args={}
2026-05-14 18:15:21,928 [INFO] TOOK ping OK
2026-05-14 18:15:21,932 [INFO] Processing request of type CallToolRequest
2026-05-14 18:15:21,932 [INFO] TOOL get_server_info args={}
2026-05-14 18:15:21,932 [INFO] TOOK get_server_info OK
2026-05-14 18:15:21,935 [INFO] Processing request of type CallToolRequest
2026-05-14 18:15:21,936 [INFO] TOOL echo args={'text': 'hi'}
2026-05-14 18:15:21,936 [INFO] TOOK echo OK
2026-05-14 18:15:21,940 [INFO] Processing request of type CallToolRequest
2026-05-14 18:15:21,940 [INFO] TOOL memory_set args={'key': 'x', 'value': 'y'}
2026-05-14 18:15:21,940 [INFO] TOOK memory_set OK
2026-05-14 18:15:21,944 [INFO] Processing request of type CallToolRequest
2026-05-14 18:15:21,944 [INFO] TOOL memory_get args={'key': 'x'}
2026-05-14 18:15:21,945 [INFO] TOOK memory_get OK
2026-05-14 18:15:21,949 [INFO] Processing request of type CallToolRequest
2026-05-14 18:15:21,949 [INFO] TOOL memory_delete args={'key': 'x'}
2026-05-14 18:15:21,949 [INFO] TOOK memory_delete OK
