2026-05-14 18:05:50,807 [INFO] Server starting — rate-limiter:25094
2026-05-14 18:15:27,915 [INFO] Server starting — rate-limiter:25094
2026-05-14 18:15:29,917 [INFO] Processing request of type ListToolsRequest
2026-05-14 18:15:29,922 [INFO] Processing request of type CallToolRequest
2026-05-14 18:15:29,922 [INFO] TOOL ping args={}
2026-05-14 18:15:29,922 [INFO] TOOK ping OK
2026-05-14 18:15:29,926 [INFO] Processing request of type CallToolRequest
2026-05-14 18:15:29,926 [INFO] TOOL get_server_info args={}
2026-05-14 18:15:29,926 [INFO] TOOK get_server_info OK
2026-05-14 18:15:29,929 [INFO] Processing request of type CallToolRequest
2026-05-14 18:15:29,929 [INFO] TOOL echo args={'text': 'hi'}
2026-05-14 18:15:29,929 [INFO] TOOK echo OK
2026-05-14 18:15:29,934 [INFO] Processing request of type CallToolRequest
2026-05-14 18:15:29,934 [INFO] TOOL memory_set args={'key': 'x', 'value': 'y'}
2026-05-14 18:15:29,934 [INFO] TOOK memory_set OK
2026-05-14 18:15:29,938 [INFO] Processing request of type CallToolRequest
2026-05-14 18:15:29,938 [INFO] TOOL memory_get args={'key': 'x'}
2026-05-14 18:15:29,939 [INFO] TOOK memory_get OK
2026-05-14 18:15:29,943 [INFO] Processing request of type CallToolRequest
2026-05-14 18:15:29,943 [INFO] TOOL memory_delete args={'key': 'x'}
2026-05-14 18:15:29,943 [INFO] TOOK memory_delete OK
