2026-05-14 18:03:47,630 [INFO] Server starting — image-processor:25058
2026-05-14 18:13:03,751 [INFO] Server starting — image-processor:25058
2026-05-14 18:13:05,773 [INFO] Processing request of type ListToolsRequest
2026-05-14 18:13:05,777 [INFO] Processing request of type CallToolRequest
2026-05-14 18:13:05,777 [INFO] TOOL ping args={}
2026-05-14 18:13:05,777 [INFO] TOOK ping OK
2026-05-14 18:13:05,781 [INFO] Processing request of type CallToolRequest
2026-05-14 18:13:05,781 [INFO] TOOL get_server_info args={}
2026-05-14 18:13:05,781 [INFO] TOOK get_server_info OK
2026-05-14 18:13:05,785 [INFO] Processing request of type CallToolRequest
2026-05-14 18:13:05,785 [INFO] TOOL echo args={'text': 'hi'}
2026-05-14 18:13:05,785 [INFO] TOOK echo OK
2026-05-14 18:13:05,789 [INFO] Processing request of type CallToolRequest
2026-05-14 18:13:05,789 [INFO] TOOL memory_set args={'key': 'x', 'value': 'y'}
2026-05-14 18:13:05,789 [INFO] TOOK memory_set OK
2026-05-14 18:13:05,793 [INFO] Processing request of type CallToolRequest
2026-05-14 18:13:05,793 [INFO] TOOL memory_get args={'key': 'x'}
2026-05-14 18:13:05,794 [INFO] TOOK memory_get OK
2026-05-14 18:13:05,798 [INFO] Processing request of type CallToolRequest
2026-05-14 18:13:05,798 [INFO] TOOL memory_delete args={'key': 'x'}
2026-05-14 18:13:05,799 [INFO] TOOK memory_delete OK
