2026-05-14 18:03:51,060 [INFO] Server starting — animation-crafter:25059
2026-05-14 18:13:07,758 [INFO] Server starting — animation-crafter:25059
2026-05-14 18:13:09,770 [INFO] Processing request of type ListToolsRequest
2026-05-14 18:13:09,774 [INFO] Processing request of type CallToolRequest
2026-05-14 18:13:09,774 [INFO] TOOL ping args={}
2026-05-14 18:13:09,775 [INFO] TOOK ping OK
2026-05-14 18:13:09,778 [INFO] Processing request of type CallToolRequest
2026-05-14 18:13:09,778 [INFO] TOOL get_server_info args={}
2026-05-14 18:13:09,778 [INFO] TOOK get_server_info OK
2026-05-14 18:13:09,782 [INFO] Processing request of type CallToolRequest
2026-05-14 18:13:09,782 [INFO] TOOL echo args={'text': 'hi'}
2026-05-14 18:13:09,782 [INFO] TOOK echo OK
2026-05-14 18:13:09,786 [INFO] Processing request of type CallToolRequest
2026-05-14 18:13:09,787 [INFO] TOOL memory_set args={'key': 'x', 'value': 'y'}
2026-05-14 18:13:09,787 [INFO] TOOK memory_set OK
2026-05-14 18:13:09,791 [INFO] Processing request of type CallToolRequest
2026-05-14 18:13:09,791 [INFO] TOOL memory_get args={'key': 'x'}
2026-05-14 18:13:09,792 [INFO] TOOK memory_get OK
2026-05-14 18:13:09,796 [INFO] Processing request of type CallToolRequest
2026-05-14 18:13:09,796 [INFO] TOOL memory_delete args={'key': 'x'}
2026-05-14 18:13:09,797 [INFO] TOOK memory_delete OK
